#! /usr/local/bin/vvp
:ivl_version "10.1 (stable)" "(v10_1-129-g19444dd2)";
:ivl_delay_selection "TYPICAL";
:vpi_time_precision + 0;
:vpi_module "system";
:vpi_module "vhdl_sys";
:vpi_module "v2005_math";
:vpi_module "va_math";
S_0x55ecff0fba00 .scope module, "tb_cpu" "tb_cpu" 2 1;
 .timescale 0 0;
v0x55ecff11e490_0 .net "borrow_out", 0 0, v0x55ecff11c6e0_0;  1 drivers
v0x55ecff11e580_0 .net "carry_out", 0 0, v0x55ecff11c920_0;  1 drivers
v0x55ecff11e650_0 .var "clk", 0 0;
v0x55ecff11e720_0 .net "data_out", 0 0, v0x55ecff11ca90_0;  1 drivers
v0x55ecff11e7c0_0 .var "next_out", 0 0;
v0x55ecff11e8b0_0 .net "opcode_out", 7 0, v0x55ecff11cf80_0;  1 drivers
v0x55ecff11e980_0 .net/s "operand_A_out", 7 0, v0x55ecff11d2c0_0;  1 drivers
v0x55ecff11ea50_0 .net/s "operand_B_out", 7 0, v0x55ecff11d470_0;  1 drivers
v0x55ecff11eb20_0 .net "pc_out", 7 0, v0x55ecff11d600_0;  1 drivers
v0x55ecff11ebf0_0 .net/s "result_out", 7 0, v0x55ecff11d950_0;  1 drivers
v0x55ecff11ecc0_0 .net "result_ready", 0 0, v0x55ecff11da10_0;  1 drivers
v0x55ecff11ed90_0 .var "rst", 0 0;
S_0x55ecff09f690 .scope module, "cpu1" "cpu" 2 9, 3 1 0, S_0x55ecff0fba00;
 .timescale 0 0;
    .port_info 0 /INPUT 1 "clk"
    .port_info 1 /INPUT 1 "rst"
    .port_info 2 /INPUT 1 "next_out"
    .port_info 3 /OUTPUT 1 "data_out"
    .port_info 4 /OUTPUT 8 "opcode"
    .port_info 5 /OUTPUT 8 "operand_A_out"
    .port_info 6 /OUTPUT 8 "operand_B_out"
    .port_info 7 /OUTPUT 8 "result_out_cpu"
    .port_info 8 /OUTPUT 1 "carry_out_cpu"
    .port_info 9 /OUTPUT 1 "borrow_out_cpu"
    .port_info 10 /OUTPUT 1 "result_ready"
    .port_info 11 /OUTPUT 8 "pc_out"
v0x55ecff11c580_0 .var "borrow", 0 0;
v0x55ecff11c640_0 .net "borrow_out_alu", 0 0, v0x55ecff11b510_0;  1 drivers
v0x55ecff11c6e0_0 .var "borrow_out_cpu", 0 0;
v0x55ecff11c7b0_0 .var "carry", 0 0;
v0x55ecff11c880_0 .net "carry_out_alu", 0 0, v0x55ecff11b6e0_0;  1 drivers
v0x55ecff11c920_0 .var "carry_out_cpu", 0 0;
v0x55ecff11c9c0_0 .net "clk", 0 0, v0x55ecff11e650_0;  1 drivers
v0x55ecff11ca90_0 .var "data_out", 0 0;
v0x55ecff11cb30_0 .var "enable_alu", 0 0;
v0x55ecff11cc00_0 .var "input_ready_alu", 0 0;
v0x55ecff11ccd0 .array "instr_mem", 128 0, 15 0;
v0x55ecff11cd70_0 .var/i "iterator", 31 0;
v0x55ecff11ce10_0 .net "negative_out_alu", 0 0, L_0x55ecff12f080;  1 drivers
v0x55ecff11cee0_0 .net "next_out", 0 0, v0x55ecff11e7c0_0;  1 drivers
v0x55ecff11cf80_0 .var "opcode", 7 0;
v0x55ecff11d020_0 .var "opcode_alu", 4 0;
v0x55ecff11d110_0 .var/s "operand_A", 7 0;
v0x55ecff11d1d0_0 .var/s "operand_A_alu", 7 0;
v0x55ecff11d2c0_0 .var/s "operand_A_out", 7 0;
v0x55ecff11d380_0 .var/s "operand_B_alu", 7 0;
v0x55ecff11d470_0 .var/s "operand_B_out", 7 0;
v0x55ecff11d530_0 .net "overflow_out_alu", 0 0, v0x55ecff11be00_0;  1 drivers
v0x55ecff11d600_0 .var "pc_out", 7 0;
v0x55ecff11d6c0_0 .var "program_counter", 7 0;
v0x55ecff11d7a0 .array/s "registers", 7 0, 7 0;
v0x55ecff11d860_0 .net "result_out_alu", 7 0, v0x55ecff11bec0_0;  1 drivers
v0x55ecff11d950_0 .var/s "result_out_cpu", 7 0;
v0x55ecff11da10_0 .var "result_ready", 0 0;
v0x55ecff11dad0_0 .net "result_ready_alu", 0 0, v0x55ecff11bfa0_0;  1 drivers
v0x55ecff11dba0_0 .net "rst", 0 0, v0x55ecff11ed90_0;  1 drivers
v0x55ecff11dc40_0 .var "rst_in", 0 0;
v0x55ecff11dd10_0 .var/i "state", 31 0;
v0x55ecff11ddd0_0 .var "temp_16", 15 0;
v0x55ecff11e0c0_0 .var "temp_state2", 0 0;
v0x55ecff11e180_0 .var "this_instr", 7 0;
v0x55ecff11e260_0 .net "zero_out_alu", 0 0, L_0x55ecff0a1e90;  1 drivers
S_0x55ecff067080 .scope module, "alu1" "alu" 3 52, 4 22 0, S_0x55ecff09f690;
 .timescale 0 0;
    .port_info 0 /INPUT 1 "clk"
    .port_info 1 /INPUT 5 "opcode"
    .port_info 2 /INPUT 8 "operand_A"
    .port_info 3 /INPUT 8 "operand_B"
    .port_info 4 /INPUT 1 "enable"
    .port_info 5 /INPUT 1 "input_ready"
    .port_info 6 /INPUT 1 "carry_in"
    .port_info 7 /INPUT 1 "borrow_in"
    .port_info 8 /INPUT 1 "rst"
    .port_info 9 /OUTPUT 8 "result_out"
    .port_info 10 /OUTPUT 1 "borrow_out"
    .port_info 11 /OUTPUT 1 "result_ready"
    .port_info 12 /OUTPUT 1 "carry_out"
    .port_info 13 /OUTPUT 1 "zero"
    .port_info 14 /OUTPUT 1 "negative"
    .port_info 15 /OUTPUT 1 "overflow"
L_0x55ecff0a1e90 .functor NOT 1, L_0x55ecff11ee60, C4<0>, C4<0>, C4<0>;
v0x55ecff0f8e30_0 .net *"_s1", 0 0, L_0x55ecff11ee60;  1 drivers
v0x55ecff0fa030_0 .net/s *"_s4", 31 0, L_0x55ecff11efd0;  1 drivers
L_0x7fb85c72a018 .functor BUFT 1, C4<00000000000000000000000000000000>, C4<0>, C4<0>, C4<0>;
v0x55ecff0fa0d0_0 .net/2s *"_s6", 31 0, L_0x7fb85c72a018;  1 drivers
v0x55ecff11b450_0 .net "borrow_in", 0 0, v0x55ecff11c580_0;  1 drivers
v0x55ecff11b510_0 .var "borrow_out", 0 0;
v0x55ecff11b620_0 .net "carry_in", 0 0, v0x55ecff11c7b0_0;  1 drivers
v0x55ecff11b6e0_0 .var "carry_out", 0 0;
v0x55ecff11b7a0_0 .net "clk", 0 0, v0x55ecff11e650_0;  alias, 1 drivers
v0x55ecff11b860_0 .net "enable", 0 0, v0x55ecff11cb30_0;  1 drivers
v0x55ecff11b920_0 .var "finished", 0 0;
v0x55ecff11b9e0_0 .net "input_ready", 0 0, v0x55ecff11cc00_0;  1 drivers
v0x55ecff11baa0_0 .net "negative", 0 0, L_0x55ecff12f080;  alias, 1 drivers
v0x55ecff11bb60_0 .net "opcode", 4 0, v0x55ecff11d020_0;  1 drivers
v0x55ecff11bc40_0 .net/s "operand_A", 7 0, v0x55ecff11d1d0_0;  1 drivers
v0x55ecff11bd20_0 .net/s "operand_B", 7 0, v0x55ecff11d380_0;  1 drivers
v0x55ecff11be00_0 .var "overflow", 0 0;
v0x55ecff11bec0_0 .var/s "result_out", 7 0;
v0x55ecff11bfa0_0 .var "result_ready", 0 0;
v0x55ecff11c060_0 .net "rst", 0 0, v0x55ecff11dc40_0;  1 drivers
v0x55ecff11c120_0 .var "running", 0 0;
v0x55ecff11c1e0_0 .var/s "temp", 7 0;
v0x55ecff11c2c0_0 .net "zero", 0 0, L_0x55ecff0a1e90;  alias, 1 drivers
E_0x55ecff0c6820 .event posedge, v0x55ecff11b7a0_0;
L_0x55ecff11ee60 .reduce/and v0x55ecff11bec0_0;
L_0x55ecff11efd0 .extend/s 32, v0x55ecff11bec0_0;
L_0x55ecff12f080 .cmp/gt.s 32, L_0x7fb85c72a018, L_0x55ecff11efd0;
    .scope S_0x55ecff067080;
T_0 ;
    %wait E_0x55ecff0c6820;
    %load/vec4 v0x55ecff11c060_0;
    %flag_set/vec4 8;
    %jmp/0xz  T_0.0, 8;
    %pushi/vec4 0, 0, 1;
    %assign/vec4 v0x55ecff11b6e0_0, 0;
    %pushi/vec4 0, 0, 1;
    %assign/vec4 v0x55ecff11bfa0_0, 0;
    %pushi/vec4 0, 0, 8;
    %assign/vec4 v0x55ecff11bec0_0, 0;
    %pushi/vec4 0, 0, 1;
    %assign/vec4 v0x55ecff11be00_0, 0;
    %pushi/vec4 1, 0, 1;
    %assign/vec4 v0x55ecff11b920_0, 0;
    %pushi/vec4 0, 0, 1;
    %assign/vec4 v0x55ecff11c120_0, 0;
    %jmp T_0.1;
T_0.0 ;
    %load/vec4 v0x55ecff11b860_0;
    %load/vec4 v0x55ecff11b9e0_0;
    %and;
    %flag_set/vec4 8;
    %jmp/0xz  T_0.2, 8;
    %pushi/vec4 0, 0, 1;
    %assign/vec4 v0x55ecff11bfa0_0, 0;
    %pushi/vec4 0, 0, 1;
    %assign/vec4 v0x55ecff11be00_0, 0;
    %pushi/vec4 0, 0, 8;
    %assign/vec4 v0x55ecff11bec0_0, 0;
    %pushi/vec4 0, 0, 1;
    %assign/vec4 v0x55ecff11b6e0_0, 0;
    %pushi/vec4 0, 0, 1;
    %assign/vec4 v0x55ecff11b510_0, 0;
    %load/vec4 v0x55ecff11bb60_0;
    %pad/u 32;
    %cmpi/e 0, 0, 32;
    %jmp/0xz  T_0.4, 4;
    %load/vec4 v0x55ecff11bc40_0;
    %load/vec4 v0x55ecff11bd20_0;
    %add;
    %store/vec4 v0x55ecff11c1e0_0, 0, 8;
    %load/vec4 v0x55ecff11bc40_0;
    %parti/s 1, 7, 4;
    %pad/u 32;
    %pushi/vec4 1, 0, 32;
    %cmp/e;
    %flag_get/vec4 4;
    %load/vec4 v0x55ecff11bd20_0;
    %parti/s 1, 7, 4;
    %pad/u 32;
    %pushi/vec4 1, 0, 32;
    %cmp/e;
    %flag_get/vec4 4;
    %and;
    %load/vec4 v0x55ecff11c1e0_0;
    %parti/s 1, 7, 4;
    %pad/u 32;
    %pushi/vec4 0, 0, 32;
    %cmp/e;
    %flag_get/vec4 4;
    %and;
    %flag_set/vec4 8;
    %jmp/0xz  T_0.6, 8;
    %pushi/vec4 1, 0, 1;
    %assign/vec4 v0x55ecff11b510_0, 0;
    %load/vec4 v0x55ecff11c1e0_0;
    %pad/s 9;
    %subi 128, 0, 9;
    %pad/s 8;
    %assign/vec4 v0x55ecff11bec0_0, 0;
    %pushi/vec4 1, 0, 1;
    %assign/vec4 v0x55ecff11be00_0, 0;
    %jmp T_0.7;
T_0.6 ;
    %load/vec4 v0x55ecff11bc40_0;
    %parti/s 1, 7, 4;
    %pad/u 32;
    %pushi/vec4 0, 0, 32;
    %cmp/e;
    %flag_get/vec4 4;
    %load/vec4 v0x55ecff11bd20_0;
    %parti/s 1, 7, 4;
    %pad/u 32;
    %pushi/vec4 0, 0, 32;
    %cmp/e;
    %flag_get/vec4 4;
    %and;
    %load/vec4 v0x55ecff11c1e0_0;
    %parti/s 1, 7, 4;
    %pad/u 32;
    %pushi/vec4 1, 0, 32;
    %cmp/e;
    %flag_get/vec4 4;
    %and;
    %flag_set/vec4 8;
    %jmp/0xz  T_0.8, 8;
    %pushi/vec4 1, 0, 1;
    %assign/vec4 v0x55ecff11b6e0_0, 0;
    %load/vec4 v0x55ecff11c1e0_0;
    %pad/s 9;
    %addi 128, 0, 9;
    %pad/s 8;
    %assign/vec4 v0x55ecff11bec0_0, 0;
    %pushi/vec4 1, 0, 1;
    %assign/vec4 v0x55ecff11be00_0, 0;
    %jmp T_0.9;
T_0.8 ;
    %load/vec4 v0x55ecff11c1e0_0;
    %assign/vec4 v0x55ecff11bec0_0, 0;
T_0.9 ;
T_0.7 ;
T_0.4 ;
    %load/vec4 v0x55ecff11bb60_0;
    %pad/u 32;
    %cmpi/e 1, 0, 32;
    %jmp/0xz  T_0.10, 4;
    %load/vec4 v0x55ecff11bc40_0;
    %load/vec4 v0x55ecff11bd20_0;
    %add;
    %load/vec4 v0x55ecff11b620_0;
    %pad/u 8;
    %add;
    %store/vec4 v0x55ecff11c1e0_0, 0, 8;
    %load/vec4 v0x55ecff11bc40_0;
    %parti/s 1, 7, 4;
    %pad/u 32;
    %pushi/vec4 1, 0, 32;
    %cmp/e;
    %flag_get/vec4 4;
    %load/vec4 v0x55ecff11bd20_0;
    %parti/s 1, 7, 4;
    %pad/u 32;
    %pushi/vec4 1, 0, 32;
    %cmp/e;
    %flag_get/vec4 4;
    %and;
    %load/vec4 v0x55ecff11c1e0_0;
    %parti/s 1, 7, 4;
    %pad/u 32;
    %pushi/vec4 0, 0, 32;
    %cmp/e;
    %flag_get/vec4 4;
    %and;
    %flag_set/vec4 8;
    %jmp/0xz  T_0.12, 8;
    %pushi/vec4 1, 0, 1;
    %assign/vec4 v0x55ecff11b510_0, 0;
    %load/vec4 v0x55ecff11c1e0_0;
    %pad/s 9;
    %subi 128, 0, 9;
    %pad/s 8;
    %assign/vec4 v0x55ecff11bec0_0, 0;
    %pushi/vec4 1, 0, 1;
    %assign/vec4 v0x55ecff11be00_0, 0;
    %jmp T_0.13;
T_0.12 ;
    %load/vec4 v0x55ecff11bc40_0;
    %parti/s 1, 7, 4;
    %pad/u 32;
    %pushi/vec4 0, 0, 32;
    %cmp/e;
    %flag_get/vec4 4;
    %load/vec4 v0x55ecff11bd20_0;
    %parti/s 1, 7, 4;
    %pad/u 32;
    %pushi/vec4 0, 0, 32;
    %cmp/e;
    %flag_get/vec4 4;
    %and;
    %load/vec4 v0x55ecff11c1e0_0;
    %parti/s 1, 7, 4;
    %pad/u 32;
    %pushi/vec4 1, 0, 32;
    %cmp/e;
    %flag_get/vec4 4;
    %and;
    %flag_set/vec4 8;
    %jmp/0xz  T_0.14, 8;
    %pushi/vec4 1, 0, 1;
    %assign/vec4 v0x55ecff11b6e0_0, 0;
    %load/vec4 v0x55ecff11c1e0_0;
    %pad/s 9;
    %addi 128, 0, 9;
    %pad/s 8;
    %assign/vec4 v0x55ecff11bec0_0, 0;
    %pushi/vec4 1, 0, 1;
    %assign/vec4 v0x55ecff11be00_0, 0;
    %jmp T_0.15;
T_0.14 ;
    %load/vec4 v0x55ecff11c1e0_0;
    %assign/vec4 v0x55ecff11bec0_0, 0;
T_0.15 ;
T_0.13 ;
T_0.10 ;
    %load/vec4 v0x55ecff11bb60_0;
    %pad/u 32;
    %cmpi/e 2, 0, 32;
    %jmp/0xz  T_0.16, 4;
    %load/vec4 v0x55ecff11bc40_0;
    %load/vec4 v0x55ecff11bd20_0;
    %sub;
    %store/vec4 v0x55ecff11c1e0_0, 0, 8;
    %load/vec4 v0x55ecff11bc40_0;
    %parti/s 1, 7, 4;
    %pad/u 32;
    %pushi/vec4 1, 0, 32;
    %cmp/e;
    %flag_get/vec4 4;
    %load/vec4 v0x55ecff11bd20_0;
    %parti/s 1, 7, 4;
    %pad/u 32;
    %pushi/vec4 0, 0, 32;
    %cmp/e;
    %flag_get/vec4 4;
    %and;
    %load/vec4 v0x55ecff11c1e0_0;
    %parti/s 1, 7, 4;
    %pad/u 32;
    %pushi/vec4 0, 0, 32;
    %cmp/e;
    %flag_get/vec4 4;
    %and;
    %flag_set/vec4 8;
    %jmp/0xz  T_0.18, 8;
    %pushi/vec4 1, 0, 1;
    %assign/vec4 v0x55ecff11b510_0, 0;
    %load/vec4 v0x55ecff11c1e0_0;
    %pad/s 9;
    %subi 128, 0, 9;
    %pad/s 8;
    %assign/vec4 v0x55ecff11bec0_0, 0;
    %pushi/vec4 1, 0, 1;
    %assign/vec4 v0x55ecff11be00_0, 0;
    %jmp T_0.19;
T_0.18 ;
    %load/vec4 v0x55ecff11bc40_0;
    %parti/s 1, 7, 4;
    %pad/u 32;
    %pushi/vec4 0, 0, 32;
    %cmp/e;
    %flag_get/vec4 4;
    %load/vec4 v0x55ecff11bd20_0;
    %parti/s 1, 7, 4;
    %pad/u 32;
    %pushi/vec4 1, 0, 32;
    %cmp/e;
    %flag_get/vec4 4;
    %and;
    %load/vec4 v0x55ecff11c1e0_0;
    %parti/s 1, 7, 4;
    %pad/u 32;
    %pushi/vec4 1, 0, 32;
    %cmp/e;
    %flag_get/vec4 4;
    %and;
    %flag_set/vec4 8;
    %jmp/0xz  T_0.20, 8;
    %pushi/vec4 1, 0, 1;
    %assign/vec4 v0x55ecff11b6e0_0, 0;
    %load/vec4 v0x55ecff11c1e0_0;
    %pad/s 9;
    %addi 128, 0, 9;
    %pad/s 8;
    %assign/vec4 v0x55ecff11bec0_0, 0;
    %pushi/vec4 1, 0, 1;
    %assign/vec4 v0x55ecff11be00_0, 0;
    %jmp T_0.21;
T_0.20 ;
    %load/vec4 v0x55ecff11c1e0_0;
    %assign/vec4 v0x55ecff11bec0_0, 0;
T_0.21 ;
T_0.19 ;
T_0.16 ;
    %load/vec4 v0x55ecff11bb60_0;
    %pad/u 32;
    %cmpi/e 3, 0, 32;
    %jmp/0xz  T_0.22, 4;
    %load/vec4 v0x55ecff11bc40_0;
    %load/vec4 v0x55ecff11bd20_0;
    %sub;
    %load/vec4 v0x55ecff11b450_0;
    %pad/u 8;
    %sub;
    %store/vec4 v0x55ecff11c1e0_0, 0, 8;
    %load/vec4 v0x55ecff11bc40_0;
    %parti/s 1, 7, 4;
    %pad/u 32;
    %pushi/vec4 1, 0, 32;
    %cmp/e;
    %flag_get/vec4 4;
    %load/vec4 v0x55ecff11bd20_0;
    %parti/s 1, 7, 4;
    %pad/u 32;
    %pushi/vec4 0, 0, 32;
    %cmp/e;
    %flag_get/vec4 4;
    %and;
    %load/vec4 v0x55ecff11c1e0_0;
    %parti/s 1, 7, 4;
    %pad/u 32;
    %pushi/vec4 0, 0, 32;
    %cmp/e;
    %flag_get/vec4 4;
    %and;
    %flag_set/vec4 8;
    %jmp/0xz  T_0.24, 8;
    %pushi/vec4 1, 0, 1;
    %assign/vec4 v0x55ecff11b510_0, 0;
    %load/vec4 v0x55ecff11c1e0_0;
    %pad/s 9;
    %subi 128, 0, 9;
    %pad/s 8;
    %assign/vec4 v0x55ecff11bec0_0, 0;
    %pushi/vec4 1, 0, 1;
    %assign/vec4 v0x55ecff11be00_0, 0;
    %jmp T_0.25;
T_0.24 ;
    %load/vec4 v0x55ecff11bc40_0;
    %parti/s 1, 7, 4;
    %pad/u 32;
    %pushi/vec4 0, 0, 32;
    %cmp/e;
    %flag_get/vec4 4;
    %load/vec4 v0x55ecff11bd20_0;
    %parti/s 1, 7, 4;
    %pad/u 32;
    %pushi/vec4 1, 0, 32;
    %cmp/e;
    %flag_get/vec4 4;
    %and;
    %load/vec4 v0x55ecff11c1e0_0;
    %parti/s 1, 7, 4;
    %pad/u 32;
    %pushi/vec4 1, 0, 32;
    %cmp/e;
    %flag_get/vec4 4;
    %and;
    %flag_set/vec4 8;
    %jmp/0xz  T_0.26, 8;
    %pushi/vec4 1, 0, 1;
    %assign/vec4 v0x55ecff11b6e0_0, 0;
    %load/vec4 v0x55ecff11c1e0_0;
    %pad/s 9;
    %addi 128, 0, 9;
    %pad/s 8;
    %assign/vec4 v0x55ecff11bec0_0, 0;
    %pushi/vec4 1, 0, 1;
    %assign/vec4 v0x55ecff11be00_0, 0;
    %jmp T_0.27;
T_0.26 ;
    %load/vec4 v0x55ecff11c1e0_0;
    %assign/vec4 v0x55ecff11bec0_0, 0;
T_0.27 ;
T_0.25 ;
T_0.22 ;
    %load/vec4 v0x55ecff11bb60_0;
    %pad/u 32;
    %cmpi/e 4, 0, 32;
    %jmp/0xz  T_0.28, 4;
    %load/vec4 v0x55ecff11bc40_0;
    %pad/s 32;
    %cmpi/e 4294967168, 0, 32;
    %jmp/0xz  T_0.30, 4;
    %pushi/vec4 1, 0, 1;
    %assign/vec4 v0x55ecff11b6e0_0, 0;
    %pushi/vec4 0, 0, 8;
    %assign/vec4 v0x55ecff11bec0_0, 0;
    %pushi/vec4 1, 0, 1;
    %assign/vec4 v0x55ecff11be00_0, 0;
    %jmp T_0.31;
T_0.30 ;
    %load/vec4 v0x55ecff11bc40_0;
    %inv;
    %pushi/vec4 1, 0, 8;
    %add;
    %assign/vec4 v0x55ecff11bec0_0, 0;
T_0.31 ;
T_0.28 ;
    %load/vec4 v0x55ecff11bb60_0;
    %pad/u 32;
    %cmpi/e 5, 0, 32;
    %jmp/0xz  T_0.32, 4;
    %load/vec4 v0x55ecff11bc40_0;
    %pad/s 32;
    %cmpi/e 127, 0, 32;
    %jmp/0xz  T_0.34, 4;
    %pushi/vec4 1, 0, 1;
    %assign/vec4 v0x55ecff11b6e0_0, 0;
    %pushi/vec4 0, 0, 8;
    %assign/vec4 v0x55ecff11bec0_0, 0;
    %pushi/vec4 1, 0, 1;
    %assign/vec4 v0x55ecff11be00_0, 0;
    %jmp T_0.35;
T_0.34 ;
    %load/vec4 v0x55ecff11bc40_0;
    %addi 1, 0, 8;
    %assign/vec4 v0x55ecff11bec0_0, 0;
T_0.35 ;
T_0.32 ;
    %load/vec4 v0x55ecff11bb60_0;
    %pad/u 32;
    %cmpi/e 6, 0, 32;
    %jmp/0xz  T_0.36, 4;
    %load/vec4 v0x55ecff11bc40_0;
    %pad/s 32;
    %cmpi/e 4294967168, 0, 32;
    %jmp/0xz  T_0.38, 4;
    %pushi/vec4 1, 0, 1;
    %assign/vec4 v0x55ecff11b510_0, 0;
    %pushi/vec4 255, 0, 8;
    %assign/vec4 v0x55ecff11bec0_0, 0;
    %pushi/vec4 1, 0, 1;
    %assign/vec4 v0x55ecff11be00_0, 0;
    %jmp T_0.39;
T_0.38 ;
    %load/vec4 v0x55ecff11bc40_0;
    %subi 1, 0, 8;
    %assign/vec4 v0x55ecff11bec0_0, 0;
T_0.39 ;
T_0.36 ;
    %load/vec4 v0x55ecff11bb60_0;
    %pad/u 32;
    %cmpi/e 7, 0, 32;
    %jmp/0xz  T_0.40, 4;
    %load/vec4 v0x55ecff11bc40_0;
    %assign/vec4 v0x55ecff11bec0_0, 0;
T_0.40 ;
    %load/vec4 v0x55ecff11bb60_0;
    %pad/u 32;
    %cmpi/e 8, 0, 32;
    %jmp/0xz  T_0.42, 4;
    %load/vec4 v0x55ecff11bc40_0;
    %load/vec4 v0x55ecff11bd20_0;
    %and;
    %assign/vec4 v0x55ecff11bec0_0, 0;
T_0.42 ;
    %load/vec4 v0x55ecff11bb60_0;
    %pad/u 32;
    %cmpi/e 9, 0, 32;
    %jmp/0xz  T_0.44, 4;
    %load/vec4 v0x55ecff11bc40_0;
    %load/vec4 v0x55ecff11bd20_0;
    %or;
    %assign/vec4 v0x55ecff11bec0_0, 0;
T_0.44 ;
    %load/vec4 v0x55ecff11bb60_0;
    %pad/u 32;
    %cmpi/e 10, 0, 32;
    %jmp/0xz  T_0.46, 4;
    %load/vec4 v0x55ecff11bc40_0;
    %load/vec4 v0x55ecff11bd20_0;
    %xor;
    %assign/vec4 v0x55ecff11bec0_0, 0;
T_0.46 ;
    %load/vec4 v0x55ecff11bb60_0;
    %pad/u 32;
    %cmpi/e 11, 0, 32;
    %jmp/0xz  T_0.48, 4;
    %load/vec4 v0x55ecff11bc40_0;
    %inv;
    %assign/vec4 v0x55ecff11bec0_0, 0;
T_0.48 ;
    %load/vec4 v0x55ecff11bb60_0;
    %pad/u 32;
    %cmpi/e 12, 0, 32;
    %jmp/0xz  T_0.50, 4;
    %pushi/vec4 0, 0, 1;
    %ix/load 4, 0, 0;
    %ix/load 5, 0, 0;
    %flag_set/imm 4, 0;
    %assign/vec4/off/d v0x55ecff11bec0_0, 4, 5;
    %load/vec4 v0x55ecff11bc40_0;
    %parti/s 7, 0, 2;
    %ix/load 4, 1, 0;
    %ix/load 5, 0, 0;
    %flag_set/imm 4, 0;
    %assign/vec4/off/d v0x55ecff11bec0_0, 4, 5;
T_0.50 ;
    %load/vec4 v0x55ecff11bb60_0;
    %pad/u 32;
    %cmpi/e 13, 0, 32;
    %jmp/0xz  T_0.52, 4;
    %load/vec4 v0x55ecff11bc40_0;
    %parti/s 1, 7, 4;
    %ix/load 4, 7, 0;
    %ix/load 5, 0, 0;
    %flag_set/imm 4, 0;
    %assign/vec4/off/d v0x55ecff11bec0_0, 4, 5;
    %load/vec4 v0x55ecff11bc40_0;
    %parti/s 7, 1, 2;
    %ix/load 4, 0, 0;
    %ix/load 5, 0, 0;
    %flag_set/imm 4, 0;
    %assign/vec4/off/d v0x55ecff11bec0_0, 4, 5;
T_0.52 ;
    %load/vec4 v0x55ecff11bb60_0;
    %pad/u 32;
    %cmpi/e 14, 0, 32;
    %jmp/0xz  T_0.54, 4;
    %pushi/vec4 0, 0, 1;
    %ix/load 4, 0, 0;
    %ix/load 5, 0, 0;
    %flag_set/imm 4, 0;
    %assign/vec4/off/d v0x55ecff11bec0_0, 4, 5;
    %load/vec4 v0x55ecff11bc40_0;
    %parti/s 7, 0, 2;
    %ix/load 4, 1, 0;
    %ix/load 5, 0, 0;
    %flag_set/imm 4, 0;
    %assign/vec4/off/d v0x55ecff11bec0_0, 4, 5;
T_0.54 ;
    %load/vec4 v0x55ecff11bb60_0;
    %pad/u 32;
    %cmpi/e 15, 0, 32;
    %jmp/0xz  T_0.56, 4;
    %pushi/vec4 0, 0, 1;
    %ix/load 4, 7, 0;
    %ix/load 5, 0, 0;
    %flag_set/imm 4, 0;
    %assign/vec4/off/d v0x55ecff11bec0_0, 4, 5;
    %load/vec4 v0x55ecff11bc40_0;
    %parti/s 7, 1, 2;
    %ix/load 4, 0, 0;
    %ix/load 5, 0, 0;
    %flag_set/imm 4, 0;
    %assign/vec4/off/d v0x55ecff11bec0_0, 4, 5;
T_0.56 ;
    %load/vec4 v0x55ecff11bb60_0;
    %pad/u 32;
    %cmpi/e 16, 0, 32;
    %jmp/0xz  T_0.58, 4;
    %vpi_call 4 246 "$display", "operand_A : %b", v0x55ecff11bc40_0 {0 0 0};
    %load/vec4 v0x55ecff11bc40_0;
    %parti/s 1, 7, 4;
    %ix/load 4, 0, 0;
    %ix/load 5, 0, 0;
    %flag_set/imm 4, 0;
    %assign/vec4/off/d v0x55ecff11bec0_0, 4, 5;
    %load/vec4 v0x55ecff11bc40_0;
    %parti/s 7, 0, 2;
    %ix/load 4, 1, 0;
    %ix/load 5, 0, 0;
    %flag_set/imm 4, 0;
    %assign/vec4/off/d v0x55ecff11bec0_0, 4, 5;
    %vpi_call 4 249 "$display", "operand_A[7] : %b", &PV<v0x55ecff11bc40_0, 7, 1> {0 0 0};
    %vpi_call 4 250 "$display", "operand_A[6:0] : %b", &PV<v0x55ecff11bc40_0, 0, 7> {0 0 0};
    %vpi_call 4 251 "$display", "result_out : %b", v0x55ecff11bec0_0 {0 0 0};
T_0.58 ;
    %load/vec4 v0x55ecff11bb60_0;
    %pad/u 32;
    %cmpi/e 17, 0, 32;
    %jmp/0xz  T_0.60, 4;
    %load/vec4 v0x55ecff11bc40_0;
    %parti/s 1, 0, 2;
    %ix/load 4, 7, 0;
    %ix/load 5, 0, 0;
    %flag_set/imm 4, 0;
    %assign/vec4/off/d v0x55ecff11bec0_0, 4, 5;
    %load/vec4 v0x55ecff11bc40_0;
    %parti/s 7, 1, 2;
    %ix/load 4, 0, 0;
    %ix/load 5, 0, 0;
    %flag_set/imm 4, 0;
    %assign/vec4/off/d v0x55ecff11bec0_0, 4, 5;
T_0.60 ;
    %load/vec4 v0x55ecff11bb60_0;
    %pad/u 32;
    %cmpi/e 18, 0, 32;
    %jmp/0xz  T_0.62, 4;
    %load/vec4 v0x55ecff11bc40_0;
    %parti/s 1, 7, 4;
    %assign/vec4 v0x55ecff11b6e0_0, 0;
    %load/vec4 v0x55ecff11bc40_0;
    %parti/s 7, 0, 2;
    %ix/load 4, 1, 0;
    %ix/load 5, 0, 0;
    %flag_set/imm 4, 0;
    %assign/vec4/off/d v0x55ecff11bec0_0, 4, 5;
    %load/vec4 v0x55ecff11b620_0;
    %ix/load 4, 0, 0;
    %ix/load 5, 0, 0;
    %flag_set/imm 4, 0;
    %assign/vec4/off/d v0x55ecff11bec0_0, 4, 5;
T_0.62 ;
    %load/vec4 v0x55ecff11bb60_0;
    %pad/u 32;
    %cmpi/e 19, 0, 32;
    %jmp/0xz  T_0.64, 4;
    %load/vec4 v0x55ecff11bc40_0;
    %parti/s 1, 0, 2;
    %assign/vec4 v0x55ecff11b6e0_0, 0;
    %load/vec4 v0x55ecff11b620_0;
    %ix/load 4, 7, 0;
    %ix/load 5, 0, 0;
    %flag_set/imm 4, 0;
    %assign/vec4/off/d v0x55ecff11bec0_0, 4, 5;
    %load/vec4 v0x55ecff11bc40_0;
    %parti/s 7, 1, 2;
    %ix/load 4, 0, 0;
    %ix/load 5, 0, 0;
    %flag_set/imm 4, 0;
    %assign/vec4/off/d v0x55ecff11bec0_0, 4, 5;
T_0.64 ;
    %pushi/vec4 1, 0, 1;
    %assign/vec4 v0x55ecff11bfa0_0, 0;
T_0.2 ;
T_0.1 ;
    %jmp T_0;
    .thread T_0;
    .scope S_0x55ecff09f690;
T_1 ;
    %wait E_0x55ecff0c6820;
    %load/vec4 v0x55ecff11dba0_0;
    %pad/u 32;
    %cmpi/e 1, 0, 32;
    %jmp/0xz  T_1.0, 4;
    %pushi/vec4 0, 0, 8;
    %assign/vec4 v0x55ecff11e180_0, 0;
    %pushi/vec4 0, 0, 8;
    %assign/vec4 v0x55ecff11d6c0_0, 0;
    %pushi/vec4 0, 0, 32;
    %assign/vec4 v0x55ecff11dd10_0, 0;
    %pushi/vec4 1, 0, 1;
    %assign/vec4 v0x55ecff11dc40_0, 0;
    %pushi/vec4 0, 0, 1;
    %assign/vec4 v0x55ecff11ca90_0, 0;
    %pushi/vec4 0, 0, 16;
    %ix/load 4, 0, 0;
    %flag_set/imm 4, 0;
    %store/vec4a v0x55ecff11ccd0, 4, 0;
    %pushi/vec4 1636, 0, 16;
    %ix/load 4, 1, 0;
    %flag_set/imm 4, 0;
    %store/vec4a v0x55ecff11ccd0, 4, 0;
    %pushi/vec4 3625, 0, 16;
    %ix/load 4, 2, 0;
    %flag_set/imm 4, 0;
    %store/vec4a v0x55ecff11ccd0, 4, 0;
    %pushi/vec4 33024, 0, 16;
    %ix/load 4, 3, 0;
    %flag_set/imm 4, 0;
    %store/vec4a v0x55ecff11ccd0, 4, 0;
    %pushi/vec4 33024, 0, 16;
    %ix/load 4, 4, 0;
    %flag_set/imm 4, 0;
    %store/vec4a v0x55ecff11ccd0, 4, 0;
    %pushi/vec4 41216, 0, 16;
    %ix/load 4, 5, 0;
    %flag_set/imm 4, 0;
    %store/vec4a v0x55ecff11ccd0, 4, 0;
    %pushi/vec4 45312, 0, 16;
    %ix/load 4, 6, 0;
    %flag_set/imm 4, 0;
    %store/vec4a v0x55ecff11ccd0, 4, 0;
    %pushi/vec4 1792, 0, 16;
    %ix/load 4, 7, 0;
    %flag_set/imm 4, 0;
    %store/vec4a v0x55ecff11ccd0, 4, 0;
    %pushi/vec4 3840, 0, 16;
    %ix/load 4, 8, 0;
    %flag_set/imm 4, 0;
    %store/vec4a v0x55ecff11ccd0, 4, 0;
    %pushi/vec4 5888, 0, 16;
    %ix/load 4, 9, 0;
    %flag_set/imm 4, 0;
    %store/vec4a v0x55ecff11ccd0, 4, 0;
    %pushi/vec4 7936, 0, 16;
    %ix/load 4, 10, 0;
    %flag_set/imm 4, 0;
    %store/vec4a v0x55ecff11ccd0, 4, 0;
    %pushi/vec4 49923, 0, 16;
    %ix/load 4, 11, 0;
    %flag_set/imm 4, 0;
    %store/vec4a v0x55ecff11ccd0, 4, 0;
    %pushi/vec4 0, 0, 1;
    %assign/vec4 v0x55ecff11c7b0_0, 0;
    %pushi/vec4 0, 0, 1;
    %assign/vec4 v0x55ecff11c580_0, 0;
    %pushi/vec4 0, 0, 32;
    %store/vec4 v0x55ecff11cd70_0, 0, 32;
T_1.2 ;
    %load/vec4 v0x55ecff11cd70_0;
    %cmpi/s 8, 0, 32;
    %jmp/0xz T_1.3, 5;
    %pushi/vec4 0, 0, 8;
    %ix/getv/s 3, v0x55ecff11cd70_0;
    %ix/load 4, 0, 0; Constant delay
    %assign/vec4/a/d v0x55ecff11d7a0, 0, 4;
    %load/vec4 v0x55ecff11cd70_0;
    %addi 1, 0, 32;
    %store/vec4 v0x55ecff11cd70_0, 0, 32;
    %jmp T_1.2;
T_1.3 ;
    %pushi/vec4 0, 0, 1;
    %assign/vec4 v0x55ecff11e0c0_0, 0;
    %jmp T_1.1;
T_1.0 ;
    %pushi/vec4 0, 0, 1;
    %assign/vec4 v0x55ecff11dc40_0, 0;
    %pushi/vec4 1, 0, 1;
    %assign/vec4 v0x55ecff11cb30_0, 0;
    %load/vec4 v0x55ecff11dd10_0;
    %cmpi/e 0, 0, 32;
    %jmp/0xz  T_1.4, 4;
    %load/vec4 v0x55ecff11d6c0_0;
    %pad/u 9;
    %ix/vec4 4;
    %load/vec4a v0x55ecff11ccd0, 4;
    %store/vec4 v0x55ecff11ddd0_0, 0, 16;
    %load/vec4 v0x55ecff11ddd0_0;
    %parti/s 8, 8, 5;
    %assign/vec4 v0x55ecff11e180_0, 0;
    %load/vec4 v0x55ecff11ddd0_0;
    %parti/s 8, 0, 2;
    %assign/vec4 v0x55ecff11d110_0, 0;
    %pushi/vec4 1, 0, 32;
    %assign/vec4 v0x55ecff11dd10_0, 0;
T_1.4 ;
    %load/vec4 v0x55ecff11dd10_0;
    %cmpi/e 1, 0, 32;
    %jmp/0xz  T_1.6, 4;
    %pushi/vec4 2, 0, 32;
    %assign/vec4 v0x55ecff11dd10_0, 0;
    %load/vec4 v0x55ecff11e180_0;
    %parti/s 2, 6, 4;
    %cmpi/e 1, 0, 2;
    %jmp/0xz  T_1.8, 4;
    %load/vec4 v0x55ecff11e180_0;
    %parti/s 3, 0, 2;
    %pad/u 5;
    %ix/vec4 4;
    %load/vec4a v0x55ecff11d7a0, 4;
    %load/vec4 v0x55ecff11e180_0;
    %parti/s 3, 3, 3;
    %pad/u 5;
    %ix/vec4 4;
    %store/vec4a v0x55ecff11d7a0, 4, 0;
    %pushi/vec4 3, 0, 32;
    %assign/vec4 v0x55ecff11dd10_0, 0;
T_1.8 ;
    %load/vec4 v0x55ecff11e180_0;
    %parti/s 2, 6, 4;
    %pushi/vec4 0, 0, 2;
    %cmp/e;
    %flag_get/vec4 4;
    %load/vec4 v0x55ecff11e180_0;
    %parti/s 3, 0, 2;
    %pushi/vec4 6, 0, 3;
    %cmp/e;
    %flag_get/vec4 4;
    %and;
    %flag_set/vec4 8;
    %jmp/0xz  T_1.10, 8;
    %load/vec4 v0x55ecff11d110_0;
    %load/vec4 v0x55ecff11e180_0;
    %parti/s 3, 3, 3;
    %pad/u 5;
    %ix/vec4 4;
    %store/vec4a v0x55ecff11d7a0, 4, 0;
    %pushi/vec4 3, 0, 32;
    %assign/vec4 v0x55ecff11dd10_0, 0;
T_1.10 ;
    %load/vec4 v0x55ecff11e180_0;
    %parti/s 5, 3, 3;
    %cmpi/e 16, 0, 5;
    %jmp/0xz  T_1.12, 4;
    %ix/load 4, 0, 0;
    %flag_set/imm 4, 0;
    %load/vec4a v0x55ecff11d7a0, 4;
    %assign/vec4 v0x55ecff11d1d0_0, 0;
    %load/vec4 v0x55ecff11e180_0;
    %parti/s 3, 0, 2;
    %pad/u 5;
    %ix/vec4 4;
    %load/vec4a v0x55ecff11d7a0, 4;
    %assign/vec4 v0x55ecff11d380_0, 0;
    %pushi/vec4 0, 0, 5;
    %assign/vec4 v0x55ecff11d020_0, 0;
T_1.12 ;
    %load/vec4 v0x55ecff11e180_0;
    %parti/s 5, 3, 3;
    %cmpi/e 17, 0, 5;
    %jmp/0xz  T_1.14, 4;
    %ix/load 4, 0, 0;
    %flag_set/imm 4, 0;
    %load/vec4a v0x55ecff11d7a0, 4;
    %assign/vec4 v0x55ecff11d1d0_0, 0;
    %load/vec4 v0x55ecff11e180_0;
    %parti/s 3, 0, 2;
    %pad/u 5;
    %ix/vec4 4;
    %load/vec4a v0x55ecff11d7a0, 4;
    %assign/vec4 v0x55ecff11d380_0, 0;
    %pushi/vec4 1, 0, 5;
    %assign/vec4 v0x55ecff11d020_0, 0;
T_1.14 ;
    %load/vec4 v0x55ecff11e180_0;
    %parti/s 5, 3, 3;
    %cmpi/e 18, 0, 5;
    %jmp/0xz  T_1.16, 4;
    %ix/load 4, 0, 0;
    %flag_set/imm 4, 0;
    %load/vec4a v0x55ecff11d7a0, 4;
    %assign/vec4 v0x55ecff11d1d0_0, 0;
    %load/vec4 v0x55ecff11e180_0;
    %parti/s 3, 0, 2;
    %pad/u 5;
    %ix/vec4 4;
    %load/vec4a v0x55ecff11d7a0, 4;
    %assign/vec4 v0x55ecff11d380_0, 0;
    %pushi/vec4 2, 0, 5;
    %assign/vec4 v0x55ecff11d020_0, 0;
T_1.16 ;
    %load/vec4 v0x55ecff11e180_0;
    %parti/s 5, 3, 3;
    %cmpi/e 18, 0, 5;
    %jmp/0xz  T_1.18, 4;
    %ix/load 4, 0, 0;
    %flag_set/imm 4, 0;
    %load/vec4a v0x55ecff11d7a0, 4;
    %assign/vec4 v0x55ecff11d1d0_0, 0;
    %load/vec4 v0x55ecff11e180_0;
    %parti/s 3, 0, 2;
    %pad/u 5;
    %ix/vec4 4;
    %load/vec4a v0x55ecff11d7a0, 4;
    %assign/vec4 v0x55ecff11d380_0, 0;
    %pushi/vec4 3, 0, 5;
    %assign/vec4 v0x55ecff11d020_0, 0;
T_1.18 ;
    %load/vec4 v0x55ecff11e180_0;
    %parti/s 2, 6, 4;
    %pushi/vec4 0, 0, 2;
    %cmp/e;
    %flag_get/vec4 4;
    %load/vec4 v0x55ecff11e180_0;
    %parti/s 3, 0, 2;
    %pushi/vec4 4, 0, 3;
    %cmp/e;
    %flag_get/vec4 4;
    %and;
    %flag_set/vec4 8;
    %jmp/0xz  T_1.20, 8;
    %load/vec4 v0x55ecff11d110_0;
    %load/vec4 v0x55ecff11e180_0;
    %parti/s 3, 3, 3;
    %pad/u 5;
    %ix/vec4 3;
    %ix/load 4, 0, 0; Constant delay
    %assign/vec4/a/d v0x55ecff11d7a0, 0, 4;
    %pushi/vec4 5, 0, 5;
    %assign/vec4 v0x55ecff11d020_0, 0;
T_1.20 ;
    %load/vec4 v0x55ecff11e180_0;
    %parti/s 2, 6, 4;
    %pushi/vec4 0, 0, 2;
    %cmp/e;
    %flag_get/vec4 4;
    %load/vec4 v0x55ecff11e180_0;
    %parti/s 3, 0, 2;
    %pushi/vec4 5, 0, 3;
    %cmp/e;
    %flag_get/vec4 4;
    %and;
    %flag_set/vec4 8;
    %jmp/0xz  T_1.22, 8;
    %load/vec4 v0x55ecff11d110_0;
    %load/vec4 v0x55ecff11e180_0;
    %parti/s 3, 3, 3;
    %pad/u 5;
    %ix/vec4 3;
    %ix/load 4, 0, 0; Constant delay
    %assign/vec4/a/d v0x55ecff11d7a0, 0, 4;
    %pushi/vec4 6, 0, 5;
    %assign/vec4 v0x55ecff11d020_0, 0;
T_1.22 ;
    %load/vec4 v0x55ecff11e180_0;
    %parti/s 5, 3, 3;
    %cmpi/e 20, 0, 5;
    %jmp/0xz  T_1.24, 4;
    %load/vec4 v0x55ecff11e180_0;
    %parti/s 3, 0, 2;
    %pad/u 5;
    %ix/vec4 4;
    %load/vec4a v0x55ecff11d7a0, 4;
    %assign/vec4 v0x55ecff11d1d0_0, 0;
    %ix/load 4, 0, 0;
    %flag_set/imm 4, 0;
    %load/vec4a v0x55ecff11d7a0, 4;
    %assign/vec4 v0x55ecff11d380_0, 0;
    %pushi/vec4 8, 0, 5;
    %assign/vec4 v0x55ecff11d020_0, 0;
T_1.24 ;
    %load/vec4 v0x55ecff11e180_0;
    %parti/s 5, 3, 3;
    %cmpi/e 22, 0, 5;
    %jmp/0xz  T_1.26, 4;
    %load/vec4 v0x55ecff11e180_0;
    %parti/s 3, 0, 2;
    %pad/u 5;
    %ix/vec4 4;
    %load/vec4a v0x55ecff11d7a0, 4;
    %assign/vec4 v0x55ecff11d1d0_0, 0;
    %ix/load 4, 0, 0;
    %flag_set/imm 4, 0;
    %load/vec4a v0x55ecff11d7a0, 4;
    %assign/vec4 v0x55ecff11d380_0, 0;
    %pushi/vec4 9, 0, 5;
    %assign/vec4 v0x55ecff11d020_0, 0;
T_1.26 ;
    %load/vec4 v0x55ecff11e180_0;
    %parti/s 5, 3, 3;
    %cmpi/e 21, 0, 5;
    %jmp/0xz  T_1.28, 4;
    %vpi_call 3 198 "$display", "this_instr[2:0] : %d", &PV<v0x55ecff11e180_0, 0, 3> {0 0 0};
    %ix/load 4, 0, 0;
    %flag_set/imm 4, 0;
    %load/vec4a v0x55ecff11d7a0, 4;
    %assign/vec4 v0x55ecff11d1d0_0, 0;
    %load/vec4 v0x55ecff11e180_0;
    %parti/s 3, 0, 2;
    %pad/u 5;
    %ix/vec4 4;
    %load/vec4a v0x55ecff11d7a0, 4;
    %assign/vec4 v0x55ecff11d380_0, 0;
    %pushi/vec4 10, 0, 5;
    %assign/vec4 v0x55ecff11d020_0, 0;
T_1.28 ;
    %load/vec4 v0x55ecff11e180_0;
    %parti/s 5, 3, 3;
    %cmpi/e 23, 0, 5;
    %jmp/0xz  T_1.30, 4;
    %ix/load 4, 0, 0;
    %flag_set/imm 4, 0;
    %load/vec4a v0x55ecff11d7a0, 4;
    %assign/vec4 v0x55ecff11d1d0_0, 0;
    %load/vec4 v0x55ecff11e180_0;
    %parti/s 3, 0, 2;
    %pad/u 5;
    %ix/vec4 4;
    %load/vec4a v0x55ecff11d7a0, 4;
    %assign/vec4 v0x55ecff11d380_0, 0;
    %pushi/vec4 2, 0, 5;
    %assign/vec4 v0x55ecff11d020_0, 0;
T_1.30 ;
    %load/vec4 v0x55ecff11e180_0;
    %cmpi/e 7, 0, 8;
    %jmp/0xz  T_1.32, 4;
    %ix/load 4, 0, 0;
    %flag_set/imm 4, 0;
    %load/vec4a v0x55ecff11d7a0, 4;
    %assign/vec4 v0x55ecff11d1d0_0, 0;
    %pushi/vec4 16, 0, 5;
    %assign/vec4 v0x55ecff11d020_0, 0;
T_1.32 ;
    %load/vec4 v0x55ecff11e180_0;
    %cmpi/e 15, 0, 8;
    %jmp/0xz  T_1.34, 4;
    %ix/load 4, 0, 0;
    %flag_set/imm 4, 0;
    %load/vec4a v0x55ecff11d7a0, 4;
    %assign/vec4 v0x55ecff11d1d0_0, 0;
    %pushi/vec4 17, 0, 5;
    %assign/vec4 v0x55ecff11d020_0, 0;
T_1.34 ;
    %load/vec4 v0x55ecff11e180_0;
    %cmpi/e 23, 0, 8;
    %jmp/0xz  T_1.36, 4;
    %ix/load 4, 0, 0;
    %flag_set/imm 4, 0;
    %load/vec4a v0x55ecff11d7a0, 4;
    %assign/vec4 v0x55ecff11d1d0_0, 0;
    %pushi/vec4 18, 0, 5;
    %assign/vec4 v0x55ecff11d020_0, 0;
T_1.36 ;
    %load/vec4 v0x55ecff11e180_0;
    %cmpi/e 31, 0, 8;
    %jmp/0xz  T_1.38, 4;
    %ix/load 4, 0, 0;
    %flag_set/imm 4, 0;
    %load/vec4a v0x55ecff11d7a0, 4;
    %assign/vec4 v0x55ecff11d1d0_0, 0;
    %pushi/vec4 19, 0, 5;
    %assign/vec4 v0x55ecff11d020_0, 0;
T_1.38 ;
    %load/vec4 v0x55ecff11e180_0;
    %cmpi/e 47, 0, 8;
    %jmp/0xz  T_1.40, 4;
    %ix/load 4, 0, 0;
    %flag_set/imm 4, 0;
    %load/vec4a v0x55ecff11d7a0, 4;
    %assign/vec4 v0x55ecff11d1d0_0, 0;
    %pushi/vec4 11, 0, 5;
    %assign/vec4 v0x55ecff11d020_0, 0;
T_1.40 ;
    %load/vec4 v0x55ecff11e180_0;
    %cmpi/e 63, 0, 8;
    %jmp/0xz  T_1.42, 4;
    %pushi/vec4 3, 0, 32;
    %assign/vec4 v0x55ecff11dd10_0, 0;
    %load/vec4 v0x55ecff11c7b0_0;
    %inv;
    %assign/vec4 v0x55ecff11c7b0_0, 0;
T_1.42 ;
    %load/vec4 v0x55ecff11e180_0;
    %cmpi/e 195, 0, 8;
    %jmp/0xz  T_1.44, 4;
    %load/vec4 v0x55ecff11d110_0;
    %subi 1, 0, 8;
    %assign/vec4 v0x55ecff11d6c0_0, 0;
    %pushi/vec4 3, 0, 32;
    %assign/vec4 v0x55ecff11dd10_0, 0;
T_1.44 ;
    %load/vec4 v0x55ecff11e180_0;
    %parti/s 2, 6, 4;
    %pushi/vec4 3, 0, 2;
    %cmp/e;
    %flag_get/vec4 4;
    %load/vec4 v0x55ecff11e180_0;
    %parti/s 3, 0, 2;
    %pushi/vec4 2, 0, 3;
    %cmp/e;
    %flag_get/vec4 4;
    %and;
    %flag_set/vec4 8;
    %jmp/0xz  T_1.46, 8;
    %pushi/vec4 0, 0, 32;
    %load/vec4 v0x55ecff11e180_0;
    %parti/s 3, 3, 3;
    %pad/u 5;
    %ix/vec4 4;
    %load/vec4a v0x55ecff11d7a0, 4;
    %pad/s 32;
    %cmp/s;
    %jmp/0xz  T_1.48, 5;
    %load/vec4 v0x55ecff11d110_0;
    %assign/vec4 v0x55ecff11d6c0_0, 0;
T_1.48 ;
    %pushi/vec4 4, 0, 32;
    %assign/vec4 v0x55ecff11dd10_0, 0;
T_1.46 ;
    %load/vec4 v0x55ecff11e180_0;
    %cmpi/e 118, 0, 8;
    %jmp/0xz  T_1.50, 4;
    %pushi/vec4 6, 0, 32;
    %assign/vec4 v0x55ecff11dd10_0, 0;
T_1.50 ;
    %load/vec4 v0x55ecff11e180_0;
    %cmpi/e 0, 0, 8;
    %jmp/0xz  T_1.52, 4;
    %pushi/vec4 3, 0, 32;
    %assign/vec4 v0x55ecff11dd10_0, 0;
T_1.52 ;
T_1.6 ;
    %load/vec4 v0x55ecff11dd10_0;
    %cmpi/e 2, 0, 32;
    %jmp/0xz  T_1.54, 4;
    %load/vec4 v0x55ecff11e0c0_0;
    %pad/u 32;
    %cmpi/e 0, 0, 32;
    %jmp/0xz  T_1.56, 4;
    %pushi/vec4 1, 0, 1;
    %assign/vec4 v0x55ecff11cc00_0, 0;
    %pushi/vec4 1, 0, 1;
    %assign/vec4 v0x55ecff11e0c0_0, 0;
    %jmp T_1.57;
T_1.56 ;
    %pushi/vec4 0, 0, 1;
    %assign/vec4 v0x55ecff11cc00_0, 0;
    %pushi/vec4 0, 0, 1;
    %assign/vec4 v0x55ecff11e0c0_0, 0;
    %pushi/vec4 3, 0, 32;
    %assign/vec4 v0x55ecff11dd10_0, 0;
T_1.57 ;
T_1.54 ;
    %load/vec4 v0x55ecff11dd10_0;
    %cmpi/e 3, 0, 32;
    %jmp/0xz  T_1.58, 4;
    %pushi/vec4 0, 0, 1;
    %assign/vec4 v0x55ecff11cc00_0, 0;
    %pushi/vec4 4, 0, 32;
    %assign/vec4 v0x55ecff11dd10_0, 0;
    %load/vec4 v0x55ecff11d6c0_0;
    %addi 1, 0, 8;
    %assign/vec4 v0x55ecff11d6c0_0, 0;
    %load/vec4 v0x55ecff11e180_0;
    %parti/s 5, 3, 3;
    %cmpi/e 16, 0, 5;
    %flag_mov 8, 4;
    %load/vec4 v0x55ecff11e180_0;
    %parti/s 5, 3, 3;
    %cmpi/e 17, 0, 5;
    %flag_or 4, 8;
    %flag_mov 8, 4;
    %load/vec4 v0x55ecff11e180_0;
    %parti/s 5, 3, 3;
    %cmpi/e 18, 0, 5;
    %flag_or 4, 8;
    %flag_mov 8, 4;
    %load/vec4 v0x55ecff11e180_0;
    %parti/s 5, 3, 3;
    %cmpi/e 18, 0, 5;
    %flag_or 4, 8;
    %flag_mov 8, 4;
    %load/vec4 v0x55ecff11e180_0;
    %parti/s 5, 3, 3;
    %cmpi/e 20, 0, 5;
    %flag_or 4, 8;
    %flag_mov 8, 4;
    %load/vec4 v0x55ecff11e180_0;
    %parti/s 5, 3, 3;
    %cmpi/e 22, 0, 5;
    %flag_or 4, 8;
    %flag_mov 8, 4;
    %load/vec4 v0x55ecff11e180_0;
    %parti/s 5, 3, 3;
    %cmpi/e 21, 0, 5;
    %flag_or 4, 8;
    %flag_mov 8, 4;
    %load/vec4 v0x55ecff11e180_0;
    %cmpi/e 23, 0, 8;
    %flag_or 4, 8;
    %flag_mov 8, 4;
    %load/vec4 v0x55ecff11e180_0;
    %cmpi/e 31, 0, 8;
    %flag_or 4, 8;
    %flag_mov 8, 4;
    %load/vec4 v0x55ecff11e180_0;
    %cmpi/e 15, 0, 8;
    %flag_or 4, 8;
    %flag_mov 8, 4;
    %load/vec4 v0x55ecff11e180_0;
    %cmpi/e 7, 0, 8;
    %flag_or 4, 8;
    %flag_mov 8, 4;
    %load/vec4 v0x55ecff11e180_0;
    %cmpi/e 47, 0, 8;
    %flag_or 4, 8;
    %flag_mov 8, 4;
    %load/vec4 v0x55ecff11e180_0;
    %cmpi/e 63, 0, 8;
    %flag_or 4, 8;
    %jmp/0xz  T_1.60, 4;
    %vpi_call 3 315 "$display", "result_out_alu : %b", v0x55ecff11d860_0 {0 0 0};
    %load/vec4 v0x55ecff11d860_0;
    %ix/load 3, 0, 0;
    %flag_set/imm 4, 0;
    %ix/load 4, 0, 0; Constant delay
    %assign/vec4/a/d v0x55ecff11d7a0, 0, 4;
    %load/vec4 v0x55ecff11c880_0;
    %assign/vec4 v0x55ecff11c7b0_0, 0;
    %load/vec4 v0x55ecff11c640_0;
    %assign/vec4 v0x55ecff11c580_0, 0;
    %jmp T_1.61;
T_1.60 ;
    %load/vec4 v0x55ecff11e180_0;
    %parti/s 2, 6, 4;
    %pushi/vec4 0, 0, 2;
    %cmp/e;
    %flag_get/vec4 4;
    %load/vec4 v0x55ecff11e180_0;
    %parti/s 3, 0, 2;
    %pushi/vec4 4, 0, 3;
    %cmp/e;
    %flag_get/vec4 4;
    %and;
    %flag_set/vec4 8;
    %load/vec4 v0x55ecff11e180_0;
    %parti/s 2, 6, 4;
    %pushi/vec4 0, 0, 2;
    %cmp/e;
    %flag_get/vec4 4;
    %load/vec4 v0x55ecff11e180_0;
    %parti/s 3, 0, 2;
    %pushi/vec4 5, 0, 3;
    %cmp/e;
    %flag_get/vec4 4;
    %and;
    %flag_set/vec4 9;
    %flag_or 9, 8;
    %jmp/0xz  T_1.62, 9;
    %load/vec4 v0x55ecff11d860_0;
    %load/vec4 v0x55ecff11e180_0;
    %parti/s 3, 3, 3;
    %pad/u 5;
    %ix/vec4 3;
    %ix/load 4, 0, 0; Constant delay
    %assign/vec4/a/d v0x55ecff11d7a0, 0, 4;
    %load/vec4 v0x55ecff11c880_0;
    %assign/vec4 v0x55ecff11c7b0_0, 0;
    %load/vec4 v0x55ecff11c640_0;
    %assign/vec4 v0x55ecff11c580_0, 0;
T_1.62 ;
T_1.61 ;
T_1.58 ;
    %load/vec4 v0x55ecff11dd10_0;
    %cmpi/e 4, 0, 32;
    %jmp/0xz  T_1.64, 4;
    %load/vec4 v0x55ecff11e180_0;
    %assign/vec4 v0x55ecff11cf80_0, 0;
    %load/vec4 v0x55ecff11d6c0_0;
    %assign/vec4 v0x55ecff11d600_0, 0;
    %load/vec4 v0x55ecff11d1d0_0;
    %assign/vec4 v0x55ecff11d2c0_0, 0;
    %load/vec4 v0x55ecff11d380_0;
    %assign/vec4 v0x55ecff11d470_0, 0;
    %load/vec4 v0x55ecff11d860_0;
    %assign/vec4 v0x55ecff11d950_0, 0;
    %load/vec4 v0x55ecff11c880_0;
    %assign/vec4 v0x55ecff11c920_0, 0;
    %load/vec4 v0x55ecff11c640_0;
    %assign/vec4 v0x55ecff11c6e0_0, 0;
    %pushi/vec4 1, 0, 1;
    %assign/vec4 v0x55ecff11da10_0, 0;
    %pushi/vec4 1, 0, 1;
    %assign/vec4 v0x55ecff11ca90_0, 0;
    %load/vec4 v0x55ecff11cee0_0;
    %pad/u 32;
    %cmpi/e 1, 0, 32;
    %jmp/0xz  T_1.66, 4;
    %pushi/vec4 0, 0, 32;
    %assign/vec4 v0x55ecff11dd10_0, 0;
    %pushi/vec4 0, 0, 1;
    %assign/vec4 v0x55ecff11ca90_0, 0;
T_1.66 ;
T_1.64 ;
T_1.1 ;
    %jmp T_1;
    .thread T_1;
    .scope S_0x55ecff0fba00;
T_2 ;
    %pushi/vec4 0, 0, 1;
    %store/vec4 v0x55ecff11e650_0, 0, 1;
    %pushi/vec4 1, 0, 1;
    %store/vec4 v0x55ecff11ed90_0, 0, 1;
    %delay 50, 0;
    %pushi/vec4 0, 0, 1;
    %store/vec4 v0x55ecff11ed90_0, 0, 1;
    %pushi/vec4 1, 0, 1;
    %store/vec4 v0x55ecff11e7c0_0, 0, 1;
    %vpi_call 2 30 "$monitor", "\012operand_A_out : %b, operand_B_out : %b, opcode : %b \012result_out : %b, carry_out : %b, borrow_out : %b\012 pc : %d, data_out : %b\012", v0x55ecff11e980_0, v0x55ecff11ea50_0, v0x55ecff11e8b0_0, v0x55ecff11ebf0_0, v0x55ecff11e580_0, v0x55ecff11e490_0, v0x55ecff11eb20_0, v0x55ecff11e720_0 {0 0 0};
    %delay 20000, 0;
    %vpi_call 2 31 "$finish" {0 0 0};
    %end;
    .thread T_2;
    .scope S_0x55ecff0fba00;
T_3 ;
    %delay 5, 0;
    %load/vec4 v0x55ecff11e650_0;
    %inv;
    %store/vec4 v0x55ecff11e650_0, 0, 1;
    %jmp T_3;
    .thread T_3;
    .scope S_0x55ecff0fba00;
T_4 ;
    %delay 100, 0;
    %load/vec4 v0x55ecff11e7c0_0;
    %inv;
    %store/vec4 v0x55ecff11e7c0_0, 0, 1;
    %jmp T_4;
    .thread T_4;
# The file index is used to find the file name in the following table.
:file_names 5;
    "N/A";
    "<interactive>";
    "tb_cpu.v";
    "cpu.v";
    "alu.v";
